\BOOKMARK [0][-]{chapter.1}{\376\377\000O\000u\000t\000l\000i\000n\000e}{}% 1
\BOOKMARK [0][-]{chapter.2}{\376\377\000M\000o\000d\000e\000l\000-\000b\000a\000s\000e\000d\000\040\000A\000p\000p\000r\000o\000a\000c\000h}{}% 2
\BOOKMARK [1][-]{section.2.1}{\376\377\000E\000x\000a\000m\000p\000l\000e}{chapter.2}% 3
\BOOKMARK [1][-]{section.2.2}{\376\377\000R\000e\000s\000e\000a\000r\000c\000h\000\040\000q\000u\000e\000s\000t\000i\000o\000n}{chapter.2}% 4
\BOOKMARK [1][-]{section.2.3}{\376\377\000D\000a\000t\000a}{chapter.2}% 5
\BOOKMARK [1][-]{section.2.4}{\376\377\000C\000h\000e\000c\000k\000i\000n\000g\000\040\000a\000s\000s\000u\000m\000p\000t\000i\000o\000n\000s}{chapter.2}% 6
\BOOKMARK [1][-]{section.2.5}{\376\377\000A\000n\000a\000l\000y\000s\000i\000s}{chapter.2}% 7
\BOOKMARK [1][-]{section.2.6}{\376\377\000V\000e\000r\000d\000i\000c\000t}{chapter.2}% 8
\BOOKMARK [1][-]{section.2.7}{\376\377\000E\000x\000e\000r\000c\000i\000s\000e\000s\000\040\000\050\000O\000p\000t\000i\000o\000n\000a\000l\000\051}{chapter.2}% 9
\BOOKMARK [0][-]{chapter.3}{\376\377\000D\000e\000s\000i\000g\000n\000-\000b\000a\000s\000e\000d\000\040\000A\000p\000p\000r\000o\000a\000c\000h}{}% 10
\BOOKMARK [1][-]{section.3.1}{\376\377\000S\000a\000m\000p\000l\000i\000n\000g}{chapter.3}% 11
\BOOKMARK [1][-]{section.3.2}{\376\377\000S\000t\000a\000t\000i\000s\000t\000i\000c\000a\000l\000\040\000i\000n\000f\000e\000r\000e\000n\000c\000e}{chapter.3}% 12
\BOOKMARK [1][-]{section.3.3}{\376\377\000C\000o\000m\000p\000l\000e\000x\000\040\000s\000u\000r\000v\000e\000y\000s}{chapter.3}% 13
\BOOKMARK [1][-]{section.3.4}{\376\377\000O\000t\000h\000e\000r\000\040\000i\000d\000e\000a\000s}{chapter.3}% 14
\BOOKMARK [1][-]{section.3.5}{\376\377\000F\000u\000r\000t\000h\000e\000r\000\040\000r\000e\000a\000d\000i\000n\000g\000s}{chapter.3}% 15
\BOOKMARK [1][-]{section.3.6}{\376\377\000E\000x\000e\000r\000c\000i\000s\000e}{chapter.3}% 16
\BOOKMARK [0][-]{chapter.4}{\376\377\000P\000o\000t\000e\000n\000t\000i\000a\000l\000\040\000D\000a\000t\000a\000\040\000S\000o\000u\000r\000c\000e\000s}{}% 17
\BOOKMARK [1][-]{section.4.1}{\376\377\000S\000u\000r\000v\000e\000y\000\040\000d\000a\000t\000a\000\040\000w\000i\000t\000h\000\040\000f\000e\000a\000t\000u\000r\000e\000s}{chapter.4}% 18
\BOOKMARK [1][-]{section.4.2}{\376\377\000O\000t\000h\000e\000r\000s}{chapter.4}% 19
\BOOKMARK [0][-]{chapter.5}{\376\377\000I\000m\000p\000o\000r\000t\000i\000n\000g\000\040\000C\000C\000H\000S\000\040\000t\000o\000\040\000R}{}% 20
\BOOKMARK [1][-]{section.5.1}{\376\377\000D\000o\000w\000n\000l\000o\000a\000d\000i\000n\000g\000\040\000C\000C\000H\000S\000\040\000d\000a\000t\000a\000\040\000f\000r\000o\000m\000\040\000U\000B\000C}{chapter.5}% 21
\BOOKMARK [1][-]{section.5.2}{\376\377\000R\000e\000a\000d\000i\000n\000g\000\040\000a\000n\000d\000\040\000F\000o\000r\000m\000a\000t\000t\000i\000n\000g\000\040\000t\000h\000e\000\040\000d\000a\000t\000a}{chapter.5}% 22
\BOOKMARK [1][-]{section.5.3}{\376\377\000P\000r\000o\000c\000e\000s\000s\000i\000n\000g\000\040\000d\000a\000t\000a\000\040\000i\000n\000\040\000R}{chapter.5}% 23
\BOOKMARK [0][-]{chapter.6}{\376\377\000D\000e\000m\000y\000s\000t\000i\000f\000y\000i\000n\000g\000\040\000N\000H\000A\000N\000E\000S}{}% 24
\BOOKMARK [1][-]{section.6.1}{\376\377\000O\000v\000e\000r\000v\000i\000e\000w}{chapter.6}% 25
\BOOKMARK [1][-]{section.6.2}{\376\377\000S\000u\000r\000v\000e\000y\000\040\000h\000i\000s\000t\000o\000r\000y}{chapter.6}% 26
\BOOKMARK [1][-]{section.6.3}{\376\377\000N\000H\000A\000N\000E\000S\000\040\000d\000a\000t\000a\000f\000i\000l\000e\000\040\000a\000n\000d\000\040\000d\000o\000c\000u\000m\000e\000n\000t\000s}{chapter.6}% 27
\BOOKMARK [1][-]{section.6.4}{\376\377\000E\000x\000e\000r\000c\000i\000s\000e\000\040\000\050\000w\000e\000b\000\051}{chapter.6}% 28
\BOOKMARK [0][-]{chapter.7}{\376\377\000I\000m\000p\000o\000r\000t\000i\000n\000g\000\040\000N\000H\000A\000N\000E\000S\000\040\000t\000o\000\040\000R}{}% 29
\BOOKMARK [1][-]{section.7.1}{\376\377\000N\000H\000A\000N\000E\000S\000\040\000D\000a\000t\000a\000s\000e\000t}{chapter.7}% 30
\BOOKMARK [1][-]{section.7.2}{\376\377\000A\000c\000c\000e\000s\000s\000i\000n\000g\000\040\000N\000H\000A\000N\000E\000S\000\040\000D\000a\000t\000a}{chapter.7}% 31
